#
# There is insufficient memory for the Java Runtime Environment to continue.
# Native memory allocation (mmap) failed to map 130023424 bytes. Error detail: G1 virtual space
# Possible reasons:
#   The system is out of physical RAM or swap space
#   This process is running with CompressedOops enabled, and the Java Heap may be blocking the growth of the native heap
# Possible solutions:
#   Reduce memory load on the system
#   Increase physical memory or swap space
#   Check if swap backing store is full
#   Decrease Java heap size (-Xmx/-Xms)
#   Decrease number of Java threads
#   Decrease Java thread stack sizes (-Xss)
#   Set larger code cache with -XX:ReservedCodeCacheSize=
#   JVM is running with Unscaled Compressed Oops mode in which the Java heap is
#     placed in the first 4GB address space. The Java Heap base address is the
#     maximum limit for the native heap growth. Please use -XX:HeapBaseMinAddress
#     to set the Java Heap base and to place the Java Heap above 4GB virtual address.
# This output file may be truncated or incomplete.
#
#  Out of Memory Error (os_windows.cpp:3686), pid=43644, tid=15528
#
# JRE version:  (21.0.6+7) (build )
# Java VM: OpenJDK 64-Bit Server VM (21.0.6+7-LTS, mixed mode, sharing, tiered, compressed oops, compressed class ptrs, g1 gc, windows-amd64)
# No core dump will be written. Minidumps are not enabled by default on client versions of Windows
#

---------------  S U M M A R Y ------------

Command Line: -ea -Dfile.encoding=UTF-8 -Dstdout.encoding=UTF-8 -Dstderr.encoding=UTF-8 -XX:+ShowCodeDetailsInExceptionMessages org.testng.remote.RemoteTestNG -serport 61729 -protocol json -d C:\Users\test\eclipse-workspace\rev\test-output C:\Users\test\AppData\Local\Temp\testng-eclipse--1183061738\testng-customsuite.xml

Host: Intel(R) Core(TM) i7-8550U CPU @ 1.80GHz, 8 cores, 7G,  Windows 11 , 64 bit Build 26100 (10.0.26100.5074)
Time: Thu Oct 23 13:44:40 2025 Pacific Daylight Time elapsed time: 2.050930 seconds (0d 0h 0m 2s)

---------------  T H R E A D  ---------------

Current thread (0x000001a9f35563a0):  JavaThread "Unknown thread" [_thread_in_vm, id=15528, stack(0x0000008c6e500000,0x0000008c6e600000) (1024K)]

Stack: [0x0000008c6e500000,0x0000008c6e600000]
Native frames: (J=compiled Java code, j=interpreted, Vv=VM code, C=native code)
V  [jvm.dll+0x6cdee9]
V  [jvm.dll+0x8a83d1]
V  [jvm.dll+0x8aa8fe]
V  [jvm.dll+0x8aafe3]
V  [jvm.dll+0x27f706]
V  [jvm.dll+0x6ca755]
V  [jvm.dll+0x6bea3a]
V  [jvm.dll+0x355d6a]
V  [jvm.dll+0x35d936]
V  [jvm.dll+0x3af58e]
V  [jvm.dll+0x3af838]
V  [jvm.dll+0x329efc]
V  [jvm.dll+0x32aa5b]
V  [jvm.dll+0x871639]
V  [jvm.dll+0x3bc361]
V  [jvm.dll+0x85a763]
V  [jvm.dll+0x45066e]
V  [jvm.dll+0x4522b1]
C  [jli.dll+0x5278]
C  [ucrtbase.dll+0x37b0]
C  [KERNEL32.DLL+0x2e8d7]
C  [ntdll.dll+0x8d9c]


---------------  P R O C E S S  ---------------

Threads class SMR info:
_java_thread_list=0x00007ff9eaf5a0c8, length=0, elements={
}

Java Threads: ( => current thread )
Total: 0

Other Threads:
  0x000001a9f35abe50 WorkerThread "GC Thread#0"                     [id=14080, stack(0x0000008c6e600000,0x0000008c6e700000) (1024K)]
  0x000001a9f35be2f0 ConcurrentGCThread "G1 Main Marker"            [id=43380, stack(0x0000008c6e700000,0x0000008c6e800000) (1024K)]
  0x000001a9f35bed00 WorkerThread "G1 Conc#0"                       [id=15820, stack(0x0000008c6e800000,0x0000008c6e900000) (1024K)]

[error occurred during error reporting (printing all threads), id 0xc0000005, EXCEPTION_ACCESS_VIOLATION (0xc0000005) at pc=0x00007ff9ea65c827]
VM state: not at safepoint (not fully initialized)

VM Mutex/Monitor currently owned by a thread:  ([mutex/lock_event])
[0x00007ff9eafce480] Heap_lock - owner thread: 0x000001a9f35563a0

Heap address: 0x0000000084400000, size: 1980 MB, Compressed Oops mode: 32-bit

CDS archive(s) mapped at: [0x0000000000000000-0x0000000000000000-0x0000000000000000), size 0, SharedBaseAddress: 0x0000000800000000, ArchiveRelocationMode: 1.
Narrow klass base: 0x0000000000000000, Narrow klass shift: 0, Narrow klass range: 0x0

GC Precious Log:
 CardTable entry size: 512
 Card Set container configuration: InlinePtr #cards 5 size 8 Array Of Cards #cards 12 size 40 Howl #buckets 4 coarsen threshold 1843 Howl Bitmap #cards 512 size 80 coarsen threshold 460 Card regions per heap region 1 cards per card region 2048

Heap:
 garbage-first heap   total 0K, used 0K [0x0000000084400000, 0x0000000100000000)
  region size 1024K, 0 young (0K), 0 survivors (0K)

[error occurred during error reporting (printing heap information), id 0xc0000005, EXCEPTION_ACCESS_VIOLATION (0xc0000005) at pc=0x00007ff9eaa479b9]
GC Heap History (0 events):
No events

Dll operation events (1 events):
Event: 0.013 Loaded shared library C:\Users\test\.p2\pool\plugins\org.eclipse.justj.openjdk.hotspot.jre.full.win32.x86_64_21.0.6.v20250130-0529\jre\bin\java.dll

Deoptimization events (0 events):
No events

Classes loaded (0 events):
No events

Classes unloaded (0 events):
No events

Classes redefined (0 events):
No events

Internal exceptions (0 events):
No events

ZGC Phase Switch (0 events):
No events

VM Operations (0 events):
No events

Memory protections (0 events):
No events

Nmethod flushes (0 events):
No events

Events (0 events):
No events


Dynamic libraries:
0x00007ff6e2d30000 - 0x00007ff6e2d3e000 	C:\Users\test\.p2\pool\plugins\org.eclipse.justj.openjdk.hotspot.jre.full.win32.x86_64_21.0.6.v20250130-0529\jre\bin\javaw.exe
0x00007ffa51a00000 - 0x00007ffa51c69000 	C:\WINDOWS\SYSTEM32\ntdll.dll
0x00007ffa50d40000 - 0x00007ffa50e09000 	C:\WINDOWS\System32\KERNEL32.DLL
0x00007ffa4ef90000 - 0x00007ffa4f383000 	C:\WINDOWS\System32\KERNELBASE.dll
0x00007ffa4f390000 - 0x00007ffa4f4db000 	C:\WINDOWS\System32\ucrtbase.dll
0x00007ffa3fab0000 - 0x00007ffa3fac8000 	C:\Users\test\.p2\pool\plugins\org.eclipse.justj.openjdk.hotspot.jre.full.win32.x86_64_21.0.6.v20250130-0529\jre\bin\jli.dll
0x00007ffa3fa00000 - 0x00007ffa3fa1e000 	C:\Users\test\.p2\pool\plugins\org.eclipse.justj.openjdk.hotspot.jre.full.win32.x86_64_21.0.6.v20250130-0529\jre\bin\VCRUNTIME140.dll
0x00007ffa50310000 - 0x00007ffa504d4000 	C:\WINDOWS\System32\USER32.dll
0x00007ffa351a0000 - 0x00007ffa35433000 	C:\WINDOWS\WinSxS\amd64_microsoft.windows.common-controls_6595b64144ccf1df_6.0.26100.5074_none_3e0d6f78e32fd63f\COMCTL32.dll
0x00007ffa4eea0000 - 0x00007ffa4eec7000 	C:\WINDOWS\System32\win32u.dll
0x00007ffa4f8c0000 - 0x00007ffa4f969000 	C:\WINDOWS\System32\msvcrt.dll
0x00007ffa51370000 - 0x00007ffa5139b000 	C:\WINDOWS\System32\GDI32.dll
0x00007ffa4eb90000 - 0x00007ffa4ecbd000 	C:\WINDOWS\System32\gdi32full.dll
0x00007ffa4edf0000 - 0x00007ffa4ee93000 	C:\WINDOWS\System32\msvcp_win.dll
0x00007ffa4f880000 - 0x00007ffa4f8af000 	C:\WINDOWS\System32\IMM32.DLL
0x00007ffa482c0000 - 0x00007ffa482cc000 	C:\Users\test\.p2\pool\plugins\org.eclipse.justj.openjdk.hotspot.jre.full.win32.x86_64_21.0.6.v20250130-0529\jre\bin\vcruntime140_1.dll
0x00007ffa26fa0000 - 0x00007ffa2702d000 	C:\Users\test\.p2\pool\plugins\org.eclipse.justj.openjdk.hotspot.jre.full.win32.x86_64_21.0.6.v20250130-0529\jre\bin\msvcp140.dll
0x00007ff9ea320000 - 0x00007ff9eb0b0000 	C:\Users\test\.p2\pool\plugins\org.eclipse.justj.openjdk.hotspot.jre.full.win32.x86_64_21.0.6.v20250130-0529\jre\bin\server\jvm.dll
0x00007ffa4fc10000 - 0x00007ffa4fcc4000 	C:\WINDOWS\System32\ADVAPI32.dll
0x00007ffa4f7d0000 - 0x00007ffa4f876000 	C:\WINDOWS\System32\sechost.dll
0x00007ffa50160000 - 0x00007ffa50278000 	C:\WINDOWS\System32\RPCRT4.dll
0x00007ffa50280000 - 0x00007ffa502f4000 	C:\WINDOWS\System32\WS2_32.dll
0x00007ffa4e9f0000 - 0x00007ffa4ea4e000 	C:\WINDOWS\SYSTEM32\POWRPROF.dll
0x00007ffa37ad0000 - 0x00007ffa37b05000 	C:\WINDOWS\SYSTEM32\WINMM.dll
0x00007ffa3e540000 - 0x00007ffa3e54b000 	C:\WINDOWS\SYSTEM32\VERSION.dll
0x00007ffa4e9d0000 - 0x00007ffa4e9e4000 	C:\WINDOWS\SYSTEM32\UMPDC.dll
0x00007ffa4d970000 - 0x00007ffa4d98b000 	C:\WINDOWS\SYSTEM32\kernel.appcore.dll
0x00007ffa3ff20000 - 0x00007ffa3ff2a000 	C:\Users\test\.p2\pool\plugins\org.eclipse.justj.openjdk.hotspot.jre.full.win32.x86_64_21.0.6.v20250130-0529\jre\bin\jimage.dll
0x00007ffa4c320000 - 0x00007ffa4c562000 	C:\WINDOWS\SYSTEM32\DBGHELP.DLL
0x00007ffa50e10000 - 0x00007ffa5118b000 	C:\WINDOWS\System32\combase.dll
0x00007ffa51410000 - 0x00007ffa514e7000 	C:\WINDOWS\System32\OLEAUT32.dll
0x00007ffa3b0e0000 - 0x00007ffa3b11d000 	C:\WINDOWS\SYSTEM32\dbgcore.DLL
0x00007ffa4ed50000 - 0x00007ffa4ede9000 	C:\WINDOWS\System32\bcryptPrimitives.dll
0x00007ffa3e720000 - 0x00007ffa3e73f000 	C:\Users\test\.p2\pool\plugins\org.eclipse.justj.openjdk.hotspot.jre.full.win32.x86_64_21.0.6.v20250130-0529\jre\bin\java.dll

dbghelp: loaded successfully - version: 4.0.5 - missing functions: none
symbol engine: initialized successfully - sym options: 0x614 - pdb path: .;C:\Users\test\.p2\pool\plugins\org.eclipse.justj.openjdk.hotspot.jre.full.win32.x86_64_21.0.6.v20250130-0529\jre\bin;C:\WINDOWS\SYSTEM32;C:\WINDOWS\WinSxS\amd64_microsoft.windows.common-controls_6595b64144ccf1df_6.0.26100.5074_none_3e0d6f78e32fd63f;C:\Users\test\.p2\pool\plugins\org.eclipse.justj.openjdk.hotspot.jre.full.win32.x86_64_21.0.6.v20250130-0529\jre\bin\server

VM Arguments:
jvm_args: -ea -Dfile.encoding=UTF-8 -Dstdout.encoding=UTF-8 -Dstderr.encoding=UTF-8 -XX:+ShowCodeDetailsInExceptionMessages 
java_command: org.testng.remote.RemoteTestNG -serport 61729 -protocol json -d C:\Users\test\eclipse-workspace\rev\test-output C:\Users\test\AppData\Local\Temp\testng-eclipse--1183061738\testng-customsuite.xml
java_class_path (initial): C:\Users\test\eclipse\java-latest-released\eclipse\configuration\org.eclipse.osgi\527\0\.cp\lib\testng-remote.jar;C:\Users\test\eclipse-workspace\rev\target\test-classes;C:\Users\test\eclipse-workspace\rev\target\classes;C:\Users\test\.p2\pool\plugins\org.testng_7.11.0.r202503091654.jar;C:\Users\test\.p2\pool\plugins\com.beust.jcommander_1.83.0.jar;C:\Users\test\.p2\pool\plugins\slf4j.api_2.0.16.jar;C:\Users\test\.p2\pool\plugins\org.yaml.snakeyaml_2.2.0.jar;C:\Users\test\.p2\pool\plugins\org.webjars.jquery_3.7.1.jar;C:\Users\test\.m2\repository\org\seleniumhq\selenium\selenium-java\4.29.0\selenium-java-4.29.0.jar;C:\Users\test\.m2\repository\org\seleniumhq\selenium\selenium-api\4.29.0\selenium-api-4.29.0.jar;C:\Users\test\.m2\repository\org\jspecify\jspecify\1.0.0\jspecify-1.0.0.jar;C:\Users\test\.m2\repository\org\seleniumhq\selenium\selenium-chrome-driver\4.29.0\selenium-chrome-driver-4.29.0.jar;C:\Users\test\.m2\repository\com\google\auto\service\auto-service-annotations\1.1.1\auto-service-annotations-1.1.1.jar;C:\Users\test\.m2\repository\org\seleniumhq\selenium\selenium-chromium-driver\4.29.0\selenium-chromium-driver-4.29.0.jar;C:\Users\test\.m2\repository\org\seleniumhq\selenium\selenium-json\4.29.0\selenium-json-4.29.0.jar;C:\Users\test\.m2\repository\org\seleniumhq\selenium\selenium-manager\4.29.0\selenium-manager-4.29.0.jar;C:\Users\test\.m2\repository\org\seleniumhq\selenium\selenium-devtools-v131\4.29.0\selenium-devtools-v131-4.29.0.jar;C:\Users\test\.m2\repository\org\seleniumhq\selenium\selenium-devtools-v132\4.29.0\selenium-devtools-v132-4.29.0.jar;C:\Users\test\.m2\repository\org\seleniumhq\selenium\selenium-devtools-v133\4.29.0\selenium-devtools-v133-4.29.0.jar;C:\Users\test\.m2\repository\org\seleniumhq\selenium\selenium-devtools-v85\4.29.0\selenium-devtools-v85-4.29.0.jar;C:\Users\test\.m2\repository\org\seleniumhq\selenium\selenium-edge-driver\4.29.0\selenium-edge-driver-4.29.0.jar;C:\Users\test\.m2\repository\org\seleniumhq\selenium\selenium-firefox-driver\4.29.0\selenium-firefox-driver-4.29.0.jar;C:\Users\test\.m2\repository\org\seleniumhq\selenium\selenium-http\4.29.0\selenium-http-4.29.0.jar;C:\Users\test\.m2\repository\org\seleniumhq\selenium\selenium-ie-driver\4.29.0\selenium-ie-driver-4.29.0.jar;C:\Users\test\.m2\repository\org\seleniumhq\selenium\selenium-remote-driver\4.29.0\selenium-remote-driver-4.29.0.jar;C:\Users\test\.m2\repository\com\google\guava\guava\33.4.0-jre\guava-33.4.0-jre.jar;C:\Users\test\.m2\repository\com\google\guava\failureaccess\1.0.2\failureaccess-1.0.2.jar;C:\Users\test\.m2\repository\com\google\guava\listenablefuture\9999.0-empty-to-avoid-conflict-with-guava\listenablefuture-9999.0-empty-to-avoid-conflict-with-guava.jar;C:\Users\test\.m2\repository\com\google\code\findbugs\jsr305\3.0.2\jsr305-3.0.2.jar;C:\Users\test\.m2\repository\org\checkerframework\checker-qual\3.43.0\checker-qual-3.43.0.jar;C:\Users\test\.m2\repository\com\google\j2objc\j2objc-annotations\3.0.0\j2objc-annotations-3.0.0.jar;C:\Users\test\.m2\repository\io\opentelemetry\semconv\opentelemetry-semconv\1.28.0-alpha\opentelemetry-semconv-1.28.0-alpha.jar;C:\Users\test\.m2\repository\io\opentelemetry\opentelemetry-api\1.46.0\opentelemetry-api-1.46.0.jar;C:\Users\test\.m2\repository\io\opentelemetry\opentelemetry-context\1.46.0\opentelemetry-context-1.46.0.jar;C:\Users\test\.m2\repository\io\opentelemetry\opentelemetry-exporter-logging\1.46.0\opentelemetry-exporter-logging-1.46.0.jar;C:\Users\test\.m2\repository\io\opentelemetry\opentelemetry-sdk-common\1.46.0\opentelemetry-sdk-common-1.46.0.jar;C:\Users\test\.m2\repository\io\opentelemetry\opentelemetry-sdk-extension-autoconfigure-spi\1.46.0\opentelemetry-sdk-extension-autoconfigure-spi-1.46.0.jar;C:\Users\test\.m2\repository\io\opentelemetry\opentelemetry-sdk-extension-autoconfigure\1.46.0\opentelemetry-sdk-extension-autoconfigure-1.46.0.jar;C:\Users\test\.m2\repository\io\opentelemetry\opentelemetry-api-incubator\1.46.0-alpha\opentelemetry-api-incubator-1.46.0-alpha.jar;C:\Users\test\.m2\repository\io\opentelemetry\opentelemetry-sdk-trace\1.46.0\opentelemetry-sdk-trace-1.46.0.jar;C:\Users\test\.m2\repository\io\opentelemetry\opentelemetry-sdk\1.46.0\opentelemetry-sdk-1.46.0.jar;C:\Users\test\.m2\repository\io\opentelemetry\opentelemetry-sdk-metrics\1.46.0\opentelemetry-sdk-metrics-1.46.0.jar;C:\Users\test\.m2\repository\io\opentelemetry\opentelemetry-sdk-logs\1.46.0\opentelemetry-sdk-logs-1.46.0.jar;C:\Users\test\.m2\repository\net\bytebuddy\byte-buddy\1.15.11\byte-buddy-1.15.11.jar;C:\Users\test\.m2\repository\org\seleniumhq\selenium\selenium-os\4.29.0\selenium-os-4.29.0.jar;C:\Users\test\.m2\repository\org\apache\commons\commons-exec\1.4.0\commons-exec-1.4.0.jar;C:\Users\test\.m2\repository\org\seleniumhq\selenium\selenium-safari-driver\4.29.0\selenium-safari-driver-4.29.0.jar;C:\Users\test\.m2\repository\org\seleniumhq\selenium\selenium-support\4.29.0\selenium-support-4.29.0.jar;C:\Users\test\.m2\repository\org\apache\poi\poi\5.4.1\poi-5.4.1.jar;C:\Users\test\.m2\repository\commons-codec\commons-codec\1.18.0\commons-codec-1.18.0.jar;C:\Users\test\.m2\repository\org\apache\commons\commons-collections4\4.4\commons-collections4-4.4.jar;C:\Users\test\.m2\repository\org\apache\commons\commons-math3\3.6.1\commons-math3-3.6.1.jar;C:\Users\test\.m2\repository\commons-io\commons-io\2.18.0\commons-io-2.18.0.jar;C:\Users\test\.m2\repository\com\zaxxer\SparseBitSet\1.3\SparseBitSet-1.3.jar;C:\Users\test\.m2\repository\org\apache\logging\log4j\log4j-api\2.24.3\log4j-api-2.24.3.jar;C:\Users\test\.m2\repository\org\apache\poi\poi-ooxml\5.4.1\poi-ooxml-5.4.1.jar;C:\Users\test\.m2\repository\org\apache\poi\poi-ooxml-lite\5.4.1\poi-ooxml-lite-5.4.1.jar;C:\Users\test\.m2\repository\org\apache\xmlbeans\xmlbeans\5.3.0\xmlbeans-5.3.0.jar;C:\Users\test\.m2\repository\org\apache\commons\commons-compress\1.27.1\commons-compress-1.27.1.jar;C:\Users\test\.m2\repository\com\github\virtuald\curvesapi\1.08\curvesapi-1.08.jar;C:\Users\test\.m2\repository\org\apache\logging\log4j\log4j-core\3.0.0-beta3\log4j-core-3.0.0-beta3.jar;C:\Users\test\.m2\repository\org\apache\logging\log4j\log4j-kit\3.0.0-beta3\log4j-kit-3.0.0-beta3.jar;C:\Users\test\.m2\repository\org\apache\logging\log4j\log4j-plugins\3.0.0-beta3\log4j-plugins-3.0.0-beta3.jar;C:\Users\test\.m2\repository\org\testng\testng\7.11.0\testng-7.11.0.jar;C:\Users\test\.m2\repository\org\slf4j\slf4j-api\2.0.16\slf4j-api-2.0.16.jar;C:\Users\test\.m2\repository\org\jcommander\jcommander\1.83\jcommander-1.83.jar;C:\Users\test\.m2\repository\org\webjars\jquery\3.7.1\jquery-3.7.1.jar;C:\Users\test\.m2\repository\io\github\bonigarcia\webdrivermanager\5.9.2\webdrivermanager-5.9.2.jar;C:\Users\test\.m2\repository\com\google\code\gson\gson\2.11.0\gson-2.11.0.jar;C:\Users\test\.m2\repository\com\google\errorprone\error_prone_annotations\2.27.0\error_prone_annotations-2.27.0.jar;C:\Users\test\.m2\repository\com\github\docker-java\docker-java\3.4.0\docker-java-3.4.0.jar;C:\Users\test\.m2\repository\com\github\docker-java\docker-java-core\3.4.0\docker-java-core-3.4.0.jar;C:\Users\test\.m2\repository\com\github\docker-java\docker-java-api\3.4.0\docker-java-api-3.4.0.jar;C:\Users\test\.m2\repository\com\fasterxml\jackson\core\jackson-annotations\2.10.3\jackson-annotations-2.10.3.jar;C:\Users\test\.m2\repository\com\fasterxml\jackson\core\jackson-databind\2.10.3\jackson-databind-2.10.3.jar;C:\Users\test\.m2\repository\com\fasterxml\jackson\core\jackson-core\2.10.3\jackson-core-2.10.3.jar;C:\Users\test\.m2\repository\org\slf4j\jcl-over-slf4j\1.7.30\jcl-over-slf4j-1.7.30.jar;C:\Users\test\.m2\repository\com\github\docker-java\docker-java-transport-httpclient5\3.4.0\docker-java-transport-httpclient5-3.4.0.jar;C:\Users\test\.m2\repository\com\github\docker-java\docker-java-transport\3.4.0\docker-java-transport-3.4.0.jar;C:\Users\test\.m2\repository\net\java\dev\jna\jna\5.13.0\jna-5.13.0.jar;C:\Users\test\.m2\repository\org\brotli\dec\0.1.2\dec-0.1.2.jar;C:\Users\test\.m2\repository\org\apache\httpcomponents\client5\httpclient5\5.2.1\httpclient5-5.2.1.jar;C:\Users\test\.m2\repository\org\apache\httpcomponents\core5\httpcore5\5.2\httpcore5-5.2.jar;C:\Users\test\.m2\repository\org\apache\httpcomponents\core5\httpcore5-h2\5.2\httpcore5-h2-5.2.jar;C:\Users\test\.m2\repository\org\apache\commons\commons-lang3\3.19.0\commons-lang3-3.19.0.jar
Launcher Type: SUN_STANDARD

[Global flags]
     intx CICompilerCount                          = 4                                         {product} {ergonomic}
     uint ConcGCThreads                            = 2                                         {product} {ergonomic}
     uint G1ConcRefinementThreads                  = 8                                         {product} {ergonomic}
   size_t G1HeapRegionSize                         = 1048576                                   {product} {ergonomic}
    uintx GCDrainStackTargetSize                   = 64                                        {product} {ergonomic}
   size_t InitialHeapSize                          = 130023424                                 {product} {ergonomic}
   size_t MarkStackSize                            = 4194304                                   {product} {ergonomic}
   size_t MaxHeapSize                              = 2076180480                                {product} {ergonomic}
   size_t MinHeapDeltaBytes                        = 1048576                                   {product} {ergonomic}
   size_t MinHeapSize                              = 8388608                                   {product} {ergonomic}
    uintx NonNMethodCodeHeapSize                   = 5839372                                {pd product} {ergonomic}
    uintx NonProfiledCodeHeapSize                  = 122909434                              {pd product} {ergonomic}
    uintx ProfiledCodeHeapSize                     = 122909434                              {pd product} {ergonomic}
    uintx ReservedCodeCacheSize                    = 251658240                              {pd product} {ergonomic}
     bool SegmentedCodeCache                       = true                                      {product} {ergonomic}
     bool ShowCodeDetailsInExceptionMessages       = true                                   {manageable} {command line}
   size_t SoftMaxHeapSize                          = 2076180480                             {manageable} {ergonomic}
     bool UseCompressedOops                        = true                           {product lp64_product} {ergonomic}
     bool UseG1GC                                  = true                                      {product} {ergonomic}
     bool UseLargePagesIndividualAllocation        = false                                  {pd product} {ergonomic}

Logging:
Log output configuration:
 #0: stdout all=warning uptime,level,tags foldmultilines=false
 #1: stderr all=off uptime,level,tags foldmultilines=false

Environment Variables:
JAVA_HOME=C:\Program Files\Java\jdk-23
PATH=C:/Users/test/.p2/pool/plugins/org.eclipse.justj.openjdk.hotspot.jre.full.win32.x86_64_21.0.6.v20250130-0529/jre/bin/server;C:/Users/test/.p2/pool/plugins/org.eclipse.justj.openjdk.hotspot.jre.full.win32.x86_64_21.0.6.v20250130-0529/jre/bin;C:\Program Files\Common Files\Oracle\Java\javapath;C:\WINDOWS\system32;C:\WINDOWS;C:\WINDOWS\System32\Wbem;C:\WINDOWS\System32\WindowsPowerShell\v1.0\;C:\WINDOWS\System32\OpenSSH\;C:\Program Files\Java\jdk-23\bin;C:\Users\test\AppData\Local\Microsoft\WindowsApps;;C:\Users\test\eclipse\java-latest-released\eclipse;
USERNAME=test
OS=Windows_NT
PROCESSOR_IDENTIFIER=Intel64 Family 6 Model 142 Stepping 10, GenuineIntel
TMP=C:\Users\test\AppData\Local\Temp
TEMP=C:\Users\test\AppData\Local\Temp




Periodic native trim disabled

---------------  S Y S T E M  ---------------

OS:
 Windows 11 , 64 bit Build 26100 (10.0.26100.5074)
OS uptime: 30 days 1:44 hours

CPU: total 8 (initial active 8) (4 cores per cpu, 2 threads per core) family 6 model 142 stepping 10 microcode 0xf0, cx8, cmov, fxsr, ht, mmx, 3dnowpref, sse, sse2, sse3, ssse3, sse4.1, sse4.2, popcnt, lzcnt, tsc, tscinvbit, avx, avx2, aes, erms, clmul, bmi1, bmi2, adx, fma, vzeroupper, clflush, clflushopt, rdtscp, f16c
Processor Information for the first 8 processors :
  Max Mhz: 2001, Current Mhz: 1400, Mhz Limit: 2001

Memory: 4k page, system-wide physical 7919M (757M free)
TotalPageFile size 32495M (AvailPageFile size 111M)
current process WorkingSet (physical memory assigned to process): 12M, peak: 12M
current process commit charge ("private bytes"): 60M, peak: 184M

vm_info: OpenJDK 64-Bit Server VM (21.0.6+7-LTS) for windows-amd64 JRE (21.0.6+7-LTS), built on 2025-01-21T00:00:00Z by "admin" with MS VC++ 17.7 (VS2022)

END.
